<?xml version="1.0" encoding="UTF-8"?>
<!-- Generated by org.testng.reporters.JUnitReportReporter -->
<testsuite skipped="0" hostname="mohamed-PC" name="com.travels_Qa.statesLocations" tests="1" failures="0" timestamp="18 Dec 2018 06:45:55 GMT" time="11.492" errors="0">
  <testcase name="agenciesStates" time="11.492" classname="com.travels_Qa.statesLocations"/>
</testsuite> <!-- com.travels_Qa.statesLocations -->
