<?xml version="1.0" encoding="UTF-8"?>
<!-- Generated by org.testng.reporters.JUnitReportReporter -->
<testsuite skipped="0" hostname="mohamed-PC" name="com.travels_Qa.openAppTest" tests="1" failures="0" timestamp="18 Dec 2018 06:45:55 GMT" time="6.974" errors="0">
  <testcase name="locateAgent" time="6.974" classname="com.travels_Qa.openAppTest"/>
</testsuite> <!-- com.travels_Qa.openAppTest -->
