<?xml version="1.0" encoding="UTF-8"?>
<!-- Generated by org.testng.reporters.JUnitReportReporter -->
<testsuite skipped="0" hostname="mohamed-PC" name="com.travels_Qa.agenciesDataTest" tests="1" failures="0" timestamp="18 Dec 2018 06:45:55 GMT" time="19.637" errors="0">
  <testcase name="agenciesData" time="19.637" classname="com.travels_Qa.agenciesDataTest"/>
</testsuite> <!-- com.travels_Qa.agenciesDataTest -->
